2019-12-06 17:35:13.251965: I tensorflow/core/platform/cpu_feature_guard.cc:142] Your CPU supports instructions that this TensorFlow binary was not compiled to use: AVX2 AVX512F FMA
2019-12-06 17:35:13.263303: I tensorflow/core/platform/profile_utils/cpu_utils.cc:94] CPU Frequency: 2499995000 Hz
2019-12-06 17:35:13.265071: I tensorflow/compiler/xla/service/service.cc:168] XLA service 0x55dd517583c0 executing computations on platform Host. Devices:
2019-12-06 17:35:13.265101: I tensorflow/compiler/xla/service/service.cc:175]   StreamExecutor device (0): Host, Default Version
Using cache found in /root/.cache/torch/hub/huggingface_pytorch-transformers_master
Using cache found in /root/.cache/torch/hub/huggingface_pytorch-transformers_master
Using cache found in /root/.cache/torch/hub/huggingface_pytorch-transformers_master
category = 0 / line = 干眼
category = 0 / line = 胖肥身下
category = 1 / line = 肌肉挛缩
category = 1 / line = 臂丛神经受累
category = 1 / line = 不真实感
category = 1 / line = 免疫功能障碍
category = 0 / line = 足不素激质皮腺上肾
category = 0 / line = 迫窘吸呼性源心
category = 1 / line = 精神变态
category = 0 / line = 隆膨骨颌
1000 | 0.2900347121521368 | 1m 0s
2000 | 0.19048564964451892 | 1m 56s
3000 | 0.18185870301983162 | 2m 55s
4000 | 0.17877026713243113 | 3m 48s
5000 | 0.1621686954238005 | 4m 44s
6000 | 0.16348550939698867 | 5m 33s
7000 | 0.15625023816661004 | 6m 4s
8000 | 0.16434174732899196 | 6m 36s
9000 | 0.15333795544397086 | 7m 6s
10000 | 0.14087124298094506 | 7m 37s
11000 | 0.16698605462320865 | 8m 8s
12000 | 0.13503617658322908 | 8m 39s
13000 | 0.12018523106896004 | 9m 10s
14000 | 0.0995750717775093 | 9m 42s
15000 | 0.13123352861191775 | 10m 13s
16000 | 0.13720118803238956 | 10m 44s
17000 | 0.12633244358399784 | 11m 15s
18000 | 0.12807409976137768 | 11m 47s
19000 | 0.10484233057319989 | 12m 18s
20000 | 0.13824957533022317 | 12m 49s
21000 | 0.1507860369967998 | 13m 20s
22000 | 0.11577691874763522 | 13m 51s
23000 | 0.1558255520791347 | 14m 21s
24000 | 0.09430785856385743 | 14m 53s
25000 | 0.13123859336000201 | 15m 24s
26000 | 0.10888558495937502 | 15m 55s
27000 | 0.10837648644521058 | 16m 26s
28000 | 0.09368716974074502 | 16m 57s
29000 | 0.0911293132830429 | 17m 29s
30000 | 0.09136600309698938 | 18m 0s
31000 | 0.09154515632824106 | 18m 31s
32000 | 0.08544374048742032 | 19m 2s
33000 | 0.10116939878244219 | 19m 33s
34000 | 0.11277192319226782 | 20m 3s
35000 | 0.10647414425771476 | 20m 34s
36000 | 0.08940656483644267 | 21m 5s
37000 | 0.11010926535687489 | 21m 35s
38000 | 0.11965959785668388 | 22m 6s
39000 | 0.08957221876727342 | 22m 36s
40000 | 0.10920863423125485 | 23m 7s
41000 | 0.0943990459413709 | 23m 38s
42000 | 0.09780729354869701 | 24m 8s
43000 | 0.08217148641376312 | 24m 39s
44000 | 0.1041427482161534 | 25m 10s
45000 | 0.09735037100826778 | 26m 2s
46000 | 0.06512779385108532 | 26m 50s
47000 | 0.09138919174173972 | 27m 21s
48000 | 0.04603436951445412 | 27m 52s
49000 | 0.1009944513814178 | 28m 42s
50000 | 0.085778708195739 | 29m 40s
51000 | 0.10660062950451797 | 30m 32s
52000 | 0.06631630556212022 | 31m 24s
53000 | 0.06501931719287486 | 32m 19s
54000 | 0.07554020420327913 | 33m 11s
55000 | 0.09760192754428937 | 34m 6s
56000 | 0.07609832897710095 | 35m 1s
57000 | 0.07021032427036465 | 35m 54s
58000 | 0.07989275741366288 | 36m 49s
59000 | 0.06652442936918561 | 37m 42s
60000 | 0.07753337834138427 | 38m 34s
61000 | 0.06562616168501702 | 39m 28s
62000 | 0.06420391711174474 | 40m 23s
63000 | 0.061882079576212806 | 41m 16s
64000 | 0.09649499113958902 | 42m 8s
65000 | 0.11007953714444142 | 43m 3s
66000 | 0.10881619782796148 | 43m 57s
67000 | 0.06232481898355863 | 44m 51s
68000 | 0.06086734980678674 | 45m 48s
69000 | 0.06870266797851986 | 46m 39s
70000 | 0.06449207405705973 | 47m 32s
71000 | 0.07358410651854484 | 48m 26s
72000 | 0.07556059838029214 | 49m 20s
73000 | 0.06262739206274175 | 50m 14s
74000 | 0.059364249884878845 | 51m 7s
75000 | 0.07300658535984465 | 52m 2s
76000 | 0.07288931566392043 | 52m 56s
77000 | 0.06842303245117239 | 53m 48s
78000 | 0.0498819875364066 | 54m 43s
79000 | 0.03645686315124081 | 55m 39s
80000 | 0.08040182436759244 | 56m 33s
81000 | 0.07616794498260442 | 57m 23s
82000 | 0.058007891886949145 | 58m 16s
83000 | 0.06465071733988083 | 59m 6s
84000 | 0.06918520867233272 | 60m 0s
85000 | 0.07534502921722498 | 60m 53s
86000 | 0.06198828875581844 | 61m 49s
87000 | 0.056274433543808 | 62m 43s
88000 | 0.0633249432441839 | 63m 38s
89000 | 0.11770275888911971 | 64m 32s
90000 | 0.044797223738950516 | 65m 27s
91000 | 0.04033622506077346 | 66m 20s
92000 | 0.056511260496402024 | 67m 15s
93000 | 0.06095142630283234 | 68m 8s
94000 | 0.05216526126537652 | 69m 5s
95000 | 0.06332241455171043 | 69m 55s
96000 | 0.03661239718700866 | 70m 45s
97000 | 0.04340286376491162 | 71m 41s
98000 | 0.05674793505622491 | 72m 35s
99000 | 0.051263905620975665 | 73m 30s
100000 | 0.04767472810523746 | 74m 22s
2019-12-07 12:07:55.460367: I tensorflow/core/platform/cpu_feature_guard.cc:142] Your CPU supports instructions that this TensorFlow binary was not compiled to use: AVX2 AVX512F FMA
2019-12-07 12:07:55.476296: I tensorflow/core/platform/profile_utils/cpu_utils.cc:94] CPU Frequency: 2499995000 Hz
2019-12-07 12:07:55.478383: I tensorflow/compiler/xla/service/service.cc:168] XLA service 0x55d624312ba0 executing computations on platform Host. Devices:
2019-12-07 12:07:55.478444: I tensorflow/compiler/xla/service/service.cc:175]   StreamExecutor device (0): Host, Default Version
2019-12-07 14:13:21.349107: I tensorflow/core/platform/cpu_feature_guard.cc:142] Your CPU supports instructions that this TensorFlow binary was not compiled to use: AVX2 AVX512F FMA
2019-12-07 14:13:21.373738: I tensorflow/core/platform/profile_utils/cpu_utils.cc:94] CPU Frequency: 2499995000 Hz
2019-12-07 14:13:21.375449: I tensorflow/compiler/xla/service/service.cc:168] XLA service 0x55e4b6fb44f0 executing computations on platform Host. Devices:
2019-12-07 14:13:21.375474: I tensorflow/compiler/xla/service/service.cc:175]   StreamExecutor device (0): Host, Default Version
Using cache found in /root/.cache/torch/hub/huggingface_pytorch-transformers_master
Using cache found in /root/.cache/torch/hub/huggingface_pytorch-transformers_master
Using cache found in /root/.cache/torch/hub/huggingface_pytorch-transformers_master
category = 1 / line = 面容呈灰色
category = 0 / line = 块肿部额
category = 1 / line = 皮肤温度升高
category = 0 / line = 良不育发管血肠结
category = 0 / line = 及触楚清能不至甚弱细搏脉
category = 1 / line = 脑脊液蛋白量增高
category = 0 / line = 癖抱
category = 1 / line = 劳力性呼吸困难
category = 1 / line = 脑膜刺激征
category = 1 / line = 脉压缩小
Iter: 50 | TimeSince: 0m 4s
Train Loss: 0.48708176910877227 | Train Acc: 0.7
Valid Loss: 0.6608981977030635 | Valid Acc: 0.64
Iter: 100 | TimeSince: 0m 11s
Train Loss: 0.5023145233467221 | Train Acc: 0.82
Valid Loss: 0.49043687848374246 | Valid Acc: 0.74
Iter: 150 | TimeSince: 0m 17s
Train Loss: 0.4145629274332896 | Train Acc: 0.8
Valid Loss: 0.3913450664188713 | Valid Acc: 0.8
Iter: 200 | TimeSince: 0m 22s
Train Loss: 0.38729734472639393 | Train Acc: 0.8
Valid Loss: 0.42196759464684874 | Valid Acc: 0.84
Iter: 250 | TimeSince: 0m 27s
Train Loss: 0.36562192110635805 | Train Acc: 0.8
Valid Loss: 0.3222509765438735 | Valid Acc: 0.88
Iter: 300 | TimeSince: 0m 33s
Train Loss: 0.346764495181269 | Train Acc: 0.8
Valid Loss: 0.16360388008790325 | Valid Acc: 0.94
Iter: 350 | TimeSince: 0m 39s
Train Loss: 0.22598002423066646 | Train Acc: 0.9
Valid Loss: 0.1949669553214335 | Valid Acc: 0.9
Iter: 400 | TimeSince: 0m 45s
Train Loss: 0.26560685868171274 | Train Acc: 0.86
Valid Loss: 0.38764648145832326 | Valid Acc: 0.84
Iter: 450 | TimeSince: 0m 50s
Train Loss: 0.2897331637529714 | Train Acc: 0.9
Valid Loss: 0.2894983786658122 | Valid Acc: 0.88
Iter: 500 | TimeSince: 0m 56s
Train Loss: 0.20312638108243847 | Train Acc: 0.88
Valid Loss: 0.2582389722420339 | Valid Acc: 0.88
Iter: 550 | TimeSince: 1m 1s
Train Loss: 0.43221323705874964 | Train Acc: 0.82
Valid Loss: 0.19660200210062612 | Valid Acc: 0.9
Iter: 600 | TimeSince: 1m 7s
Train Loss: 0.18452634504857998 | Train Acc: 0.94
Valid Loss: 0.2544779373164056 | Valid Acc: 0.92
Iter: 650 | TimeSince: 1m 12s
Train Loss: 0.19805532085962113 | Train Acc: 0.94
Valid Loss: 0.4602892002108274 | Valid Acc: 0.8
Iter: 700 | TimeSince: 1m 18s
Train Loss: 0.32971926925019945 | Train Acc: 0.82
Valid Loss: 0.18052480093292617 | Valid Acc: 0.92
Iter: 750 | TimeSince: 1m 24s
Train Loss: 0.16854888484857838 | Train Acc: 0.92
Valid Loss: 0.2819940185689484 | Valid Acc: 0.88
Iter: 800 | TimeSince: 1m 29s
Train Loss: 0.13993407632668095 | Train Acc: 0.94
Valid Loss: 0.21031278736307285 | Valid Acc: 0.94
Iter: 850 | TimeSince: 1m 35s
Train Loss: 0.1680981743610846 | Train Acc: 0.96
Valid Loss: 0.20290954744661577 | Valid Acc: 0.9
Iter: 900 | TimeSince: 1m 39s
Train Loss: 0.15359637484985797 | Train Acc: 0.92
Valid Loss: 0.4026982544903149 | Valid Acc: 0.84
Iter: 950 | TimeSince: 1m 45s
Train Loss: 0.30390462105257027 | Train Acc: 0.9
Valid Loss: 0.33326945204260483 | Valid Acc: 0.88
Iter: 1000 | TimeSince: 1m 50s
Train Loss: 0.3161168740299763 | Train Acc: 0.88
Valid Loss: 0.17064668086964957 | Valid Acc: 0.9
Iter: 1050 | TimeSince: 1m 56s
Train Loss: 0.15220427238527917 | Train Acc: 0.92
Valid Loss: 0.1322532378039614 | Valid Acc: 0.94
Iter: 1100 | TimeSince: 2m 1s
Train Loss: 0.11444306538414821 | Train Acc: 0.94
Valid Loss: 0.12229658949030636 | Valid Acc: 0.94
Iter: 1150 | TimeSince: 2m 7s
Train Loss: 0.0872134471400932 | Train Acc: 0.98
Valid Loss: 0.282252028977382 | Valid Acc: 0.88
Iter: 1200 | TimeSince: 2m 12s
Train Loss: 0.18237336923676595 | Train Acc: 0.92
Valid Loss: 0.1413705935955659 | Valid Acc: 0.96
Iter: 1250 | TimeSince: 2m 17s
Train Loss: 0.14794595989515075 | Train Acc: 0.96
Valid Loss: 0.1706078344290654 | Valid Acc: 0.94
Iter: 1300 | TimeSince: 2m 21s
Train Loss: 0.42761024989629165 | Train Acc: 0.9
Valid Loss: 0.3161421581992545 | Valid Acc: 0.86
Iter: 1350 | TimeSince: 2m 26s
Train Loss: 0.5391124484749161 | Train Acc: 0.88
Valid Loss: 0.12540504753393178 | Valid Acc: 0.98
Iter: 1400 | TimeSince: 2m 31s
Train Loss: 0.3100695901231029 | Train Acc: 0.9
Valid Loss: 0.11955235200426159 | Valid Acc: 0.96
Iter: 1450 | TimeSince: 2m 37s
Train Loss: 0.3304530526876806 | Train Acc: 0.88
Valid Loss: 0.16540138904619198 | Valid Acc: 0.94
Iter: 1500 | TimeSince: 2m 42s
Train Loss: 0.3531851456423556 | Train Acc: 0.88
Valid Loss: 0.33450459317838976 | Valid Acc: 0.88
Iter: 1550 | TimeSince: 2m 47s
Train Loss: 0.17131540244054122 | Train Acc: 0.9
Valid Loss: 0.1608582925169685 | Valid Acc: 0.94
Iter: 1600 | TimeSince: 2m 52s
Train Loss: 0.16786060966220248 | Train Acc: 0.92
Valid Loss: 0.3415654157669087 | Valid Acc: 0.88
Iter: 1650 | TimeSince: 2m 57s
Train Loss: 0.15706671524764715 | Train Acc: 0.94
Valid Loss: 0.15696438736010804 | Valid Acc: 0.92
Iter: 1700 | TimeSince: 3m 2s
Train Loss: 0.2260174414029291 | Train Acc: 0.86
Valid Loss: 0.24833830863671666 | Valid Acc: 0.92
Iter: 1750 | TimeSince: 3m 6s
Train Loss: 0.3219706012390816 | Train Acc: 0.88
Valid Loss: 0.18177282914113677 | Valid Acc: 0.92
Iter: 1800 | TimeSince: 3m 12s
Train Loss: 0.07759048535368493 | Train Acc: 0.98
Valid Loss: 0.1772875003194713 | Valid Acc: 0.94
Iter: 1850 | TimeSince: 3m 17s
Train Loss: 0.12926668695022728 | Train Acc: 0.94
Valid Loss: 0.5003142373600622 | Valid Acc: 0.82
Iter: 1900 | TimeSince: 3m 22s
Train Loss: 0.15132529860773503 | Train Acc: 0.88
Valid Loss: 0.21729510523829504 | Valid Acc: 0.88
Iter: 1950 | TimeSince: 3m 27s
Train Loss: 0.1528673423875034 | Train Acc: 0.94
Valid Loss: 0.0831495699197717 | Valid Acc: 0.96
Iter: 2000 | TimeSince: 3m 32s
Train Loss: 0.13070415727457316 | Train Acc: 0.98
Valid Loss: 0.19141515214402716 | Valid Acc: 0.94
Iter: 2050 | TimeSince: 3m 37s
Train Loss: 0.2924196439529919 | Train Acc: 0.92
Valid Loss: 0.12643136546155234 | Valid Acc: 0.94
Iter: 2100 | TimeSince: 3m 42s
Train Loss: 0.045092250721063466 | Train Acc: 1.0
Valid Loss: 0.061889611247697755 | Valid Acc: 0.98
Iter: 2150 | TimeSince: 3m 47s
Train Loss: 0.14230942003341285 | Train Acc: 0.96
Valid Loss: 0.083688548722846 | Valid Acc: 0.96
Iter: 2200 | TimeSince: 3m 54s
Train Loss: 0.40187050732062746 | Train Acc: 0.92
Valid Loss: 0.11788239167061419 | Valid Acc: 0.96
Iter: 2250 | TimeSince: 3m 59s
Train Loss: 0.12731576812502682 | Train Acc: 0.96
Valid Loss: 0.20913032187825592 | Valid Acc: 0.9
Iter: 2300 | TimeSince: 4m 5s
Train Loss: 0.10815551927201 | Train Acc: 0.96
Valid Loss: 0.14321119747983174 | Valid Acc: 0.94
Iter: 2350 | TimeSince: 4m 10s
Train Loss: 0.17524272783909609 | Train Acc: 0.92
Valid Loss: 0.338215063375917 | Valid Acc: 0.88
Iter: 2400 | TimeSince: 4m 15s
Train Loss: 0.061052900363973206 | Train Acc: 0.96
Valid Loss: 0.11079327539166797 | Valid Acc: 0.96
Iter: 2450 | TimeSince: 4m 19s
Train Loss: 0.27718074060751746 | Train Acc: 0.92
Valid Loss: 0.06454209689562732 | Valid Acc: 0.98
Iter: 2500 | TimeSince: 4m 23s
Train Loss: 0.1505895479181885 | Train Acc: 0.94
Valid Loss: 0.06849829831626324 | Valid Acc: 0.98
Iter: 2550 | TimeSince: 4m 27s
Train Loss: 0.26873662073055127 | Train Acc: 0.94
Valid Loss: 0.32235353541942 | Valid Acc: 0.9
Iter: 2600 | TimeSince: 4m 32s
Train Loss: 0.04775812466315074 | Train Acc: 0.98
Valid Loss: 0.1119129454502172 | Valid Acc: 0.96
Iter: 2650 | TimeSince: 4m 37s
Train Loss: 0.08539347942713832 | Train Acc: 0.94
Valid Loss: 0.13889314673751627 | Valid Acc: 0.9
Iter: 2700 | TimeSince: 4m 42s
Train Loss: 0.14123360102223784 | Train Acc: 0.94
Valid Loss: 0.0846683756966911 | Valid Acc: 0.98
Iter: 2750 | TimeSince: 4m 46s
Train Loss: 0.05179179711648658 | Train Acc: 0.98
Valid Loss: 0.455896915197672 | Valid Acc: 0.88
Iter: 2800 | TimeSince: 4m 52s
Train Loss: 0.18970188864476653 | Train Acc: 0.96
Valid Loss: 0.2562547577483383 | Valid Acc: 0.92
Iter: 2850 | TimeSince: 4m 57s
Train Loss: 0.10822246448892542 | Train Acc: 0.96
Valid Loss: 0.2296149954825273 | Valid Acc: 0.94
Iter: 2900 | TimeSince: 5m 2s
Train Loss: 0.21620811837506382 | Train Acc: 0.94
Valid Loss: 0.1203020374716425 | Valid Acc: 0.94
Iter: 2950 | TimeSince: 5m 7s
Train Loss: 0.17321081524983015 | Train Acc: 0.9
Valid Loss: 0.17425264227706522 | Valid Acc: 0.92
Iter: 3000 | TimeSince: 5m 13s
Train Loss: 0.2101307109165174 | Train Acc: 0.88
Valid Loss: 0.22430999500307777 | Valid Acc: 0.92
2019-12-07 14:50:40.717483: I tensorflow/core/platform/cpu_feature_guard.cc:142] Your CPU supports instructions that this TensorFlow binary was not compiled to use: AVX2 AVX512F FMA
2019-12-07 14:50:40.728773: I tensorflow/core/platform/profile_utils/cpu_utils.cc:94] CPU Frequency: 2499995000 Hz
2019-12-07 14:50:40.730501: I tensorflow/compiler/xla/service/service.cc:168] XLA service 0x562a8fdda390 executing computations on platform Host. Devices:
2019-12-07 14:50:40.730534: I tensorflow/compiler/xla/service/service.cc:175]   StreamExecutor device (0): Host, Default Version
Using cache found in /root/.cache/torch/hub/huggingface_pytorch-transformers_master
Using cache found in /root/.cache/torch/hub/huggingface_pytorch-transformers_master
Using cache found in /root/.cache/torch/hub/huggingface_pytorch-transformers_master
category = 0 / line = 症血素泌胃促高
category = 0 / line = 痛疼烈剧腹下性侧一
category = 0 / line = 娠妊位异
category = 0 / line = 痛绞部腹性漫弥现出后食进
category = 0 / line = 肿水性管血
category = 1 / line = 胃肠功能不良
category = 0 / line = 脉濡
category = 0 / line = 裂皲角口
category = 1 / line = 色素异常
category = 0 / line = 痛疼阴外儿幼婴
Iter: 1000 | TimeSince: 1m 38s
Train Loss: 0.27651229352123663 | Train Acc: 0.889
Valid Loss: 0.2750350659245183 | Valid Acc: 0.892
Iter: 2000 | TimeSince: 3m 21s
Train Loss: 0.2091570894755671 | Train Acc: 0.914
Valid Loss: 0.21680820872174528 | Valid Acc: 0.923
Iter: 3000 | TimeSince: 5m 8s
Train Loss: 0.174039797052781 | Train Acc: 0.934
Valid Loss: 0.22424402196680351 | Valid Acc: 0.911
Iter: 4000 | TimeSince: 6m 50s
Train Loss: 0.20392394492070068 | Train Acc: 0.924
Valid Loss: 0.19993362916962482 | Valid Acc: 0.924
Iter: 5000 | TimeSince: 8m 35s
Train Loss: 0.15277472303384151 | Train Acc: 0.946
Valid Loss: 0.16248375452626987 | Valid Acc: 0.943
Iter: 6000 | TimeSince: 10m 15s
Train Loss: 0.1356280412404645 | Train Acc: 0.946
Valid Loss: 0.1373945436097149 | Valid Acc: 0.945
Iter: 7000 | TimeSince: 12m 7s
Train Loss: 0.15769732645332207 | Train Acc: 0.945
Valid Loss: 0.17656264611473743 | Valid Acc: 0.939
Iter: 8000 | TimeSince: 14m 5s
Train Loss: 0.16944818572555412 | Train Acc: 0.935
Valid Loss: 0.17353944877285316 | Valid Acc: 0.945
Iter: 9000 | TimeSince: 15m 57s
Train Loss: 0.11257420472428047 | Train Acc: 0.953
Valid Loss: 0.1460090649686665 | Valid Acc: 0.941
Iter: 10000 | TimeSince: 17m 42s
Train Loss: 0.12825400280858096 | Train Acc: 0.948
Valid Loss: 0.13537537319857848 | Valid Acc: 0.945
Iter: 11000 | TimeSince: 19m 25s
Train Loss: 0.13129219778616377 | Train Acc: 0.955
Valid Loss: 0.1317954484572863 | Valid Acc: 0.951
Iter: 12000 | TimeSince: 21m 8s
Train Loss: 0.15385482899020608 | Train Acc: 0.945
Valid Loss: 0.13692039045647736 | Valid Acc: 0.954
Iter: 13000 | TimeSince: 22m 54s
Train Loss: 0.11292413497330216 | Train Acc: 0.96
Valid Loss: 0.1425427959648434 | Valid Acc: 0.946
Iter: 14000 | TimeSince: 24m 41s
Train Loss: 0.15100676874486543 | Train Acc: 0.942
Valid Loss: 0.13651510166860267 | Valid Acc: 0.955
Iter: 15000 | TimeSince: 26m 41s
Train Loss: 0.12269225583576386 | Train Acc: 0.952
Valid Loss: 0.13787642150679144 | Valid Acc: 0.954
Iter: 16000 | TimeSince: 28m 31s
Train Loss: 0.14197752890949167 | Train Acc: 0.949
Valid Loss: 0.12251022364816987 | Valid Acc: 0.952
Iter: 17000 | TimeSince: 30m 16s
Train Loss: 0.11149579908091423 | Train Acc: 0.956
Valid Loss: 0.11425598189889595 | Valid Acc: 0.955
Iter: 18000 | TimeSince: 32m 5s
Train Loss: 0.11216553178076637 | Train Acc: 0.958
Valid Loss: 0.13537013738293283 | Valid Acc: 0.95
Iter: 19000 | TimeSince: 33m 54s
Train Loss: 0.10876380352454637 | Train Acc: 0.961
Valid Loss: 0.1140550812987055 | Valid Acc: 0.97
Iter: 20000 | TimeSince: 35m 43s
Train Loss: 0.11164976034044688 | Train Acc: 0.96
Valid Loss: 0.10049994160029078 | Valid Acc: 0.965
Iter: 21000 | TimeSince: 37m 28s
Train Loss: 0.08882423140094368 | Train Acc: 0.962
Valid Loss: 0.14909613700863672 | Valid Acc: 0.955
Iter: 22000 | TimeSince: 39m 13s
Train Loss: 0.10165160798010126 | Train Acc: 0.967
Valid Loss: 0.09394076331296489 | Valid Acc: 0.966
Iter: 23000 | TimeSince: 40m 59s
Train Loss: 0.13903454464732729 | Train Acc: 0.951
Valid Loss: 0.1338666258927946 | Valid Acc: 0.953
Iter: 24000 | TimeSince: 42m 43s
Train Loss: 0.14247877403484466 | Train Acc: 0.948
Valid Loss: 0.11867023916057437 | Valid Acc: 0.957
Iter: 25000 | TimeSince: 44m 29s
Train Loss: 0.13411686606511253 | Train Acc: 0.954
Valid Loss: 0.12554648587866565 | Valid Acc: 0.955
Iter: 26000 | TimeSince: 46m 7s
Train Loss: 0.09142018585869946 | Train Acc: 0.965
Valid Loss: 0.13391990836512105 | Valid Acc: 0.948
Iter: 27000 | TimeSince: 47m 55s
Train Loss: 0.0964505533104566 | Train Acc: 0.961
Valid Loss: 0.12096181278168518 | Valid Acc: 0.96
Iter: 28000 | TimeSince: 49m 45s
Train Loss: 0.10976470702721101 | Train Acc: 0.966
Valid Loss: 0.10720889938121056 | Valid Acc: 0.961
Iter: 29000 | TimeSince: 51m 40s
Train Loss: 0.14202491976784654 | Train Acc: 0.957
Valid Loss: 0.1009620806715063 | Valid Acc: 0.967
Iter: 30000 | TimeSince: 53m 26s
Train Loss: 0.11692818911851631 | Train Acc: 0.955
Valid Loss: 0.07938386548586504 | Valid Acc: 0.97
Iter: 31000 | TimeSince: 55m 9s
Train Loss: 0.12303583970394774 | Train Acc: 0.958
Valid Loss: 0.09479715142114137 | Valid Acc: 0.965
Iter: 32000 | TimeSince: 56m 49s
Train Loss: 0.06343268533106926 | Train Acc: 0.979
Valid Loss: 0.11530010585871818 | Valid Acc: 0.961
Iter: 33000 | TimeSince: 58m 38s
Train Loss: 0.10489875483304709 | Train Acc: 0.956
Valid Loss: 0.09869528858305739 | Valid Acc: 0.966
Iter: 34000 | TimeSince: 60m 23s
Train Loss: 0.09135241341599257 | Train Acc: 0.965
Valid Loss: 0.15491620795016928 | Valid Acc: 0.949
Iter: 35000 | TimeSince: 62m 7s
Train Loss: 0.06671691327826201 | Train Acc: 0.971
Valid Loss: 0.07148476930693497 | Valid Acc: 0.972
Iter: 36000 | TimeSince: 63m 44s
Train Loss: 0.09938108173129001 | Train Acc: 0.969
Valid Loss: 0.11544122300763232 | Valid Acc: 0.962
Iter: 37000 | TimeSince: 65m 34s
Train Loss: 0.11334212272098673 | Train Acc: 0.964
Valid Loss: 0.12078259051999499 | Valid Acc: 0.964
Iter: 38000 | TimeSince: 67m 26s
Train Loss: 0.10542970536076496 | Train Acc: 0.96
Valid Loss: 0.10358247779624179 | Valid Acc: 0.962
Iter: 39000 | TimeSince: 69m 20s
Train Loss: 0.10627238251668455 | Train Acc: 0.963
Valid Loss: 0.08803663309078004 | Valid Acc: 0.969
Iter: 40000 | TimeSince: 71m 5s
Train Loss: 0.10145484179029907 | Train Acc: 0.972
Valid Loss: 0.0815545303073064 | Valid Acc: 0.971
Iter: 41000 | TimeSince: 72m 57s
Train Loss: 0.11711978811087027 | Train Acc: 0.958
Valid Loss: 0.10266448032984286 | Valid Acc: 0.964
Iter: 42000 | TimeSince: 74m 41s
Train Loss: 0.09195880159766583 | Train Acc: 0.968
Valid Loss: 0.12433066080277427 | Valid Acc: 0.954
Iter: 43000 | TimeSince: 76m 17s
Train Loss: 0.10644717019146997 | Train Acc: 0.967
Valid Loss: 0.10157286190394996 | Valid Acc: 0.97
Iter: 44000 | TimeSince: 77m 58s
Train Loss: 0.11155895518154446 | Train Acc: 0.967
Valid Loss: 0.06921083155237699 | Valid Acc: 0.977
Iter: 45000 | TimeSince: 79m 52s
Train Loss: 0.09591624777974869 | Train Acc: 0.96
Valid Loss: 0.07214445041786911 | Valid Acc: 0.97
Iter: 46000 | TimeSince: 81m 34s
Train Loss: 0.09711599054333515 | Train Acc: 0.965
Valid Loss: 0.08941645622026835 | Valid Acc: 0.966
Iter: 47000 | TimeSince: 83m 24s
Train Loss: 0.10426766168730336 | Train Acc: 0.958
Valid Loss: 0.09549378625699544 | Valid Acc: 0.967
Iter: 48000 | TimeSince: 85m 15s
Train Loss: 0.07773786854777123 | Train Acc: 0.966
Valid Loss: 0.09275754783298706 | Valid Acc: 0.973
Iter: 49000 | TimeSince: 87m 5s
Train Loss: 0.06446414532531702 | Train Acc: 0.98
Valid Loss: 0.10116702969249652 | Valid Acc: 0.972
Iter: 50000 | TimeSince: 88m 51s
Train Loss: 0.09702870484984508 | Train Acc: 0.962
Valid Loss: 0.0921973463831469 | Valid Acc: 0.967
2019-12-10 15:06:53.747150: I tensorflow/core/platform/cpu_feature_guard.cc:142] Your CPU supports instructions that this TensorFlow binary was not compiled to use: AVX2 AVX512F FMA
2019-12-10 15:06:53.756158: I tensorflow/core/platform/profile_utils/cpu_utils.cc:94] CPU Frequency: 2499995000 Hz
2019-12-10 15:06:53.757661: I tensorflow/compiler/xla/service/service.cc:168] XLA service 0x5640fb5c8d90 executing computations on platform Host. Devices:
2019-12-10 15:06:53.757686: I tensorflow/compiler/xla/service/service.cc:175]   StreamExecutor device (0): Host, Default Version
{1: 5740, 0: 5740}
[[1, '手掌软硬度异常'], [0, '常异度硬软掌手'], [1, '多发性针尖样瘀点'], [0, '点瘀样尖针性发多'], [1, '肩臂外侧的感觉障碍和功能受限'], [0, '限受能功和碍障觉感的侧外臂肩'], [1, '下肢或周身软瘫'], [0, '瘫软身周或肢下'], [1, '累及整个腹腔的腹膜炎'], [0, '炎膜腹的腔腹个整及累']]
rnnr: (tensor([[-0.8556, -0.5534]], grad_fn=<LogSoftmaxBackward>), tensor([[ 0.1483,  0.4207, -0.4901, -0.3521, -0.0139, -0.2235,  0.5036, -0.3066,
         -0.8623, -0.2727, -0.5464, -0.2550,  0.6221, -0.0707,  0.2071, -0.1688,
          0.4688, -0.2132, -0.4506, -0.3950,  0.0813,  0.3750,  0.5237,  0.2788,
         -0.4411, -0.0436,  0.0693, -0.2787, -0.2818,  0.1833, -0.3146, -0.4355,
          0.2650, -0.0588,  0.6308, -0.6848,  0.0897, -0.1428, -0.2169,  0.4067,
         -0.3502, -0.2183, -0.0427,  0.0117,  0.5022,  0.0533, -0.0899, -0.2974,
         -0.2705, -0.3923,  0.0594, -0.1443, -0.4474, -0.3221,  0.2853,  0.4699,
         -0.2658,  0.3147,  0.3450, -0.6438, -0.0174,  0.0369,  0.3586,  0.2361,
          0.5546, -0.2975,  0.1316,  0.0809,  0.1861, -0.4262,  0.2708, -0.3285,
         -0.1098,  0.2559,  0.4335,  0.0135, -0.1794,  0.1568, -0.2696, -0.1119,
          0.1519, -0.4530,  0.2974, -0.5058,  0.2288,  0.3510,  0.5089,  0.1532,
          0.4677, -0.2490, -0.4093,  0.1961,  0.2223,  0.3777, -0.3588, -0.5617,
         -0.1159, -0.3143, -0.1841, -0.4108,  0.7041, -0.0560,  0.0752, -0.4551,
          0.4529, -0.4728,  0.3874,  0.7492, -0.0014, -0.0914,  0.3071,  0.4254,
         -0.1298,  0.2614, -0.7597,  0.4811,  0.2698, -0.2368,  0.3301, -0.3169,
          0.5366,  0.2000, -0.0620, -0.1640,  0.1618,  0.1871,  0.4677, -0.0137]],
       grad_fn=<AddmmBackward>))
______
category = 0 / line = 音心律马奔
category = 1 / line = 暴力作用后腹痛
category = 0 / line = 伤损盆骨
category = 0 / line = 窦毛藏
category = 0 / line = 红潮肤皮部阴
category = 1 / line = 面部多毛
category = 0 / line = 损受节调射反吸呼
category = 0 / line = 痛腔口
category = 0 / line = 痛胀穴阳太
category = 0 / line = 征合综隙间臂前或腿小
Iter: 1000 | TimeSince: 0m 55s
Train Loss: 0.6812847657986858 | Train Acc: 0.687
Valid Loss: 0.6272158113540282 | Valid Acc: 0.726
Iter: 2000 | TimeSince: 1m 51s
Train Loss: 0.5834229270792958 | Train Acc: 0.769
Valid Loss: 0.5139540361019289 | Valid Acc: 0.787
Iter: 3000 | TimeSince: 2m 47s
Train Loss: 0.5627640666378314 | Train Acc: 0.792
Valid Loss: 0.558047794700562 | Valid Acc: 0.791
Iter: 4000 | TimeSince: 3m 43s
Train Loss: 0.46480327761750484 | Train Acc: 0.818
Valid Loss: 0.4850292654544323 | Valid Acc: 0.823
Iter: 5000 | TimeSince: 4m 40s
Train Loss: 0.47091766105968774 | Train Acc: 0.822
Valid Loss: 0.5035302761940242 | Valid Acc: 0.813
Iter: 6000 | TimeSince: 5m 36s
Train Loss: 0.4649806177142914 | Train Acc: 0.83
Valid Loss: 0.4862107345266786 | Valid Acc: 0.832
Iter: 7000 | TimeSince: 6m 32s
Train Loss: 0.4266344135812006 | Train Acc: 0.838
Valid Loss: 0.44996793743461005 | Valid Acc: 0.829
Iter: 8000 | TimeSince: 7m 28s
Train Loss: 0.42550765879278757 | Train Acc: 0.85
Valid Loss: 0.5151693922451666 | Valid Acc: 0.816
Iter: 9000 | TimeSince: 8m 23s
Train Loss: 0.48491264894315766 | Train Acc: 0.827
Valid Loss: 0.40111069222105517 | Valid Acc: 0.84
Iter: 10000 | TimeSince: 9m 18s
Train Loss: 0.47317822753403926 | Train Acc: 0.826
Valid Loss: 0.43245243812064654 | Valid Acc: 0.848
Iter: 11000 | TimeSince: 10m 13s
Train Loss: 0.40174046962555904 | Train Acc: 0.847
Valid Loss: 0.48235693428443766 | Valid Acc: 0.825
Iter: 12000 | TimeSince: 11m 7s
Train Loss: 0.514306199252756 | Train Acc: 0.824
Valid Loss: 0.37281111286986207 | Valid Acc: 0.858
Iter: 13000 | TimeSince: 12m 1s
Train Loss: 0.4951242856060515 | Train Acc: 0.832
Valid Loss: 0.46343314290642196 | Valid Acc: 0.835
Iter: 14000 | TimeSince: 12m 57s
Train Loss: 0.4305134896777953 | Train Acc: 0.854
Valid Loss: 0.45247580461589126 | Valid Acc: 0.84
Iter: 15000 | TimeSince: 13m 51s
Train Loss: 0.48866581772671364 | Train Acc: 0.821
Valid Loss: 0.42018508913746905 | Valid Acc: 0.855
Iter: 16000 | TimeSince: 14m 46s
Train Loss: 0.4525986519743982 | Train Acc: 0.845
Valid Loss: 0.41085280275298663 | Valid Acc: 0.849
Iter: 17000 | TimeSince: 15m 42s
Train Loss: 0.43413031463068763 | Train Acc: 0.854
Valid Loss: 0.4717844126634181 | Valid Acc: 0.857
Iter: 18000 | TimeSince: 16m 38s
Train Loss: 0.4620263424018554 | Train Acc: 0.84
Valid Loss: 0.40603412553584134 | Valid Acc: 0.854
Iter: 19000 | TimeSince: 17m 34s
Train Loss: 0.4001534796782077 | Train Acc: 0.858
Valid Loss: 0.4008689942015967 | Valid Acc: 0.875
Iter: 20000 | TimeSince: 18m 29s
Train Loss: 0.406318287588661 | Train Acc: 0.847
Valid Loss: 0.3524104436454217 | Valid Acc: 0.877
Iter: 21000 | TimeSince: 19m 24s
Train Loss: 0.43727745623483977 | Train Acc: 0.856
Valid Loss: 0.45568727387612207 | Valid Acc: 0.851
Iter: 22000 | TimeSince: 20m 19s
Train Loss: 0.387953106321473 | Train Acc: 0.867
Valid Loss: 0.4223999226664914 | Valid Acc: 0.857
Iter: 23000 | TimeSince: 21m 14s
Train Loss: 0.39961483539192194 | Train Acc: 0.86
Valid Loss: 0.45866996554278944 | Valid Acc: 0.86
Iter: 24000 | TimeSince: 22m 9s
Train Loss: 0.43792816316905375 | Train Acc: 0.839
Valid Loss: 0.4454637388085414 | Valid Acc: 0.847
Iter: 25000 | TimeSince: 23m 4s
Train Loss: 0.4390952529174988 | Train Acc: 0.871
Valid Loss: 0.39966835724042876 | Valid Acc: 0.866
Iter: 26000 | TimeSince: 24m 0s
Train Loss: 0.40626138127448136 | Train Acc: 0.852
Valid Loss: 0.3753285740258405 | Valid Acc: 0.88
Iter: 27000 | TimeSince: 24m 55s
Train Loss: 0.40057032733092923 | Train Acc: 0.861
Valid Loss: 0.3712708284169995 | Valid Acc: 0.877
Iter: 28000 | TimeSince: 25m 50s
Train Loss: 0.383300940611366 | Train Acc: 0.873
Valid Loss: 0.3656122286268222 | Valid Acc: 0.882
Iter: 29000 | TimeSince: 26m 45s
Train Loss: 0.40504701712441527 | Train Acc: 0.863
Valid Loss: 0.3773395372988288 | Valid Acc: 0.876
Iter: 30000 | TimeSince: 27m 40s
Train Loss: 0.39469593435001893 | Train Acc: 0.872
Valid Loss: 0.3502894710336825 | Valid Acc: 0.884
Iter: 31000 | TimeSince: 28m 36s
Train Loss: 0.33021535144719005 | Train Acc: 0.883
Valid Loss: 0.4047451611818703 | Valid Acc: 0.865
Iter: 32000 | TimeSince: 29m 32s
Train Loss: 0.3852403502283327 | Train Acc: 0.868
Valid Loss: 0.31796629337126897 | Valid Acc: 0.891
Iter: 33000 | TimeSince: 30m 26s
Train Loss: 0.3362096285088806 | Train Acc: 0.884
Valid Loss: 0.3633188292296245 | Valid Acc: 0.881
Iter: 34000 | TimeSince: 31m 22s
Train Loss: 0.3756232411399762 | Train Acc: 0.876
Valid Loss: 0.4001488826032079 | Valid Acc: 0.86
Iter: 35000 | TimeSince: 32m 18s
Train Loss: 0.31470618322985716 | Train Acc: 0.886
Valid Loss: 0.39715201674905853 | Valid Acc: 0.869
Iter: 36000 | TimeSince: 33m 14s
Train Loss: 0.40867840586256277 | Train Acc: 0.875
Valid Loss: 0.3624639078803632 | Valid Acc: 0.883
Iter: 37000 | TimeSince: 34m 9s
Train Loss: 0.37541054776996324 | Train Acc: 0.882
Valid Loss: 0.3701907998438601 | Valid Acc: 0.884
Iter: 38000 | TimeSince: 35m 3s
Train Loss: 0.3254289826218381 | Train Acc: 0.885
Valid Loss: 0.3434784209563265 | Valid Acc: 0.886
Iter: 39000 | TimeSince: 35m 58s
Train Loss: 0.40999930068941914 | Train Acc: 0.878
Valid Loss: 0.3319485706737771 | Valid Acc: 0.897
Iter: 40000 | TimeSince: 36m 52s
Train Loss: 0.3270093353211312 | Train Acc: 0.891
Valid Loss: 0.34454197488911487 | Valid Acc: 0.888
Iter: 41000 | TimeSince: 37m 48s
Train Loss: 0.33119104408912053 | Train Acc: 0.895
Valid Loss: 0.3765847489343921 | Valid Acc: 0.887
Iter: 42000 | TimeSince: 38m 44s
Train Loss: 0.38630594817282504 | Train Acc: 0.876
Valid Loss: 0.4615215104819393 | Valid Acc: 0.861
Iter: 43000 | TimeSince: 39m 39s
Train Loss: 0.3331069825789805 | Train Acc: 0.879
Valid Loss: 0.39918490669988066 | Valid Acc: 0.879
Iter: 44000 | TimeSince: 40m 34s
Train Loss: 0.3999544847043541 | Train Acc: 0.867
Valid Loss: 0.35064116840019655 | Valid Acc: 0.882
Iter: 45000 | TimeSince: 41m 30s
Train Loss: 0.30690992107282805 | Train Acc: 0.911
Valid Loss: 0.30957579118006756 | Valid Acc: 0.897
Iter: 46000 | TimeSince:Using cache found in /root/.cache/torch/hub/huggingface_pytorch-transformers_master
Using cache found in /root/.cache/torch/hub/huggingface_pytorch-transformers_master
 42m 26s
Train Loss: 0.36529632296013237 | Train Acc: 0.885
Valid Loss: 0.3170695727674361 | Valid Acc: 0.892
Iter: 47000 | TimeSince: 43m 22s
Train Loss: 0.38567258185183945 | Train Acc: 0.884
Valid Loss: 0.44478490461960185 | Valid Acc: 0.882
Iter: 48000 | TimeSince: 44m 18s
Train Loss: 0.37303505804409387 | Train Acc: 0.879
Valid Loss: 0.3634450790074861 | Valid Acc: 0.886
Iter: 49000 | TimeSince: 45m 13s
Train Loss: 0.401681451947854 | Train Acc: 0.871
Valid Loss: 0.3795118710875373 | Valid Acc: 0.891
Iter: 50000 | TimeSince: 46m 7s
Train Loss: 0.3961335302733026 | Train Acc: 0.867
Valid Loss: 0.38189083044650163 | Valid Acc: 0.884
